\BOOKMARK [0][-]{Doc-Start}{Candidate's Declaration}{}% 1
\BOOKMARK [0][-]{Doc-Start}{Certificate}{}% 2
\BOOKMARK [0][-]{Doc-Start}{Acknowledgement}{}% 3
\BOOKMARK [0][-]{Doc-Start}{Abstract}{}% 4
\BOOKMARK [0][-]{section*.1}{List of Figures}{}% 5
\BOOKMARK [0][-]{section*.2}{List of Tables}{}% 6
\BOOKMARK [0][-]{chapter.1}{INTRODUCTION}{}% 7
\BOOKMARK [1][-]{section.1.1}{Context}{chapter.1}% 8
\BOOKMARK [1][-]{section.1.2}{Tagging}{chapter.1}% 9
\BOOKMARK [1][-]{section.1.3}{POS Tagger}{chapter.1}% 10
\BOOKMARK [2][-]{subsection.1.3.1}{Architecture of POS tagger}{section.1.3}% 11
\BOOKMARK [1][-]{section.1.4}{POS Tagging Techniques}{chapter.1}% 12
\BOOKMARK [1][-]{section.1.5}{Applications of POS tagger}{chapter.1}% 13
\BOOKMARK [1][-]{section.1.6}{Features for POS Tagging}{chapter.1}% 14
\BOOKMARK [1][-]{section.1.7}{Organization of Thesis}{chapter.1}% 15
\BOOKMARK [0][-]{chapter.2}{ CONCEPTS OF SPEECH}{}% 16
\BOOKMARK [1][-]{section.2.1}{Introduction}{chapter.2}% 17
\BOOKMARK [2][-]{subsection.2.1.1}{Concept of Speech}{section.2.1}% 18
\BOOKMARK [2][-]{subsection.2.1.2}{Recognition Precess}{section.2.1}% 19
\BOOKMARK [3][-]{subsubsection.2.1.2.1}{Models}{subsection.2.1.2}% 20
\BOOKMARK [1][-]{section.2.2}{Advantages of Speech Recognition and Dictation systems}{chapter.2}% 21
\BOOKMARK [1][-]{section.2.3}{Principles of HMM}{chapter.2}% 22
\BOOKMARK [1][-]{section.2.4}{Application of Speech Recognition}{chapter.2}% 23
\BOOKMARK [1][-]{section.2.5}{Summary}{chapter.2}% 24
\BOOKMARK [0][-]{chapter.3}{LITERATURE REVIEW}{}% 25
\BOOKMARK [1][-]{section.3.1}{Literature Review}{chapter.3}% 26
\BOOKMARK [2][-]{subsection.3.1.1}{A glance over Related Literature}{section.3.1}% 27
\BOOKMARK [2][-]{subsection.3.1.2}{Some Empirical Studies}{section.3.1}% 28
\BOOKMARK [3][-]{subsubsection.3.1.2.1}{An Unsurpassed Heritage in Speech}{subsection.3.1.2}% 29
\BOOKMARK [3][-]{subsubsection.3.1.2.2}{Language Technology in India}{subsection.3.1.2}% 30
\BOOKMARK [3][-]{subsubsection.3.1.2.3}{The Early Efforts \(During 1980-90\)}{subsection.3.1.2}% 31
\BOOKMARK [0][-]{chapter.4}{PROPOSED SCHEME}{}% 32
\BOOKMARK [1][-]{section.4.1}{Motivation}{chapter.4}% 33
\BOOKMARK [1][-]{section.4.2}{System Framework}{chapter.4}% 34
\BOOKMARK [0][-]{chapter.5}{EXPERIMENTAL RESULTS AND ANALYSIS}{}% 35
\BOOKMARK [1][-]{section.5.1}{Platform}{chapter.5}% 36
\BOOKMARK [2][-]{subsection.5.1.1}{Operating System is Ubuntu 14.04}{section.5.1}% 37
\BOOKMARK [2][-]{subsection.5.1.2}{Bison}{section.5.1}% 38
\BOOKMARK [2][-]{subsection.5.1.3}{Swig}{section.5.1}% 39
\BOOKMARK [2][-]{subsection.5.1.4}{Gstreamer}{section.5.1}% 40
\BOOKMARK [2][-]{subsection.5.1.5}{Gcc}{section.5.1}% 41
\BOOKMARK [2][-]{subsection.5.1.6}{Automake}{section.5.1}% 42
\BOOKMARK [2][-]{subsection.5.1.7}{Autoconf}{section.5.1}% 43
\BOOKMARK [2][-]{subsection.5.1.8}{Libtool}{section.5.1}% 44
\BOOKMARK [1][-]{section.5.2}{Speech Recognition Engine}{chapter.5}% 45
\BOOKMARK [2][-]{subsection.5.2.1}{Library}{section.5.2}% 46
\BOOKMARK [3][-]{subsubsection.5.2.1.1}{Sphinxbase}{subsection.5.2.1}% 47
\BOOKMARK [3][-]{subsubsection.5.2.1.2}{Python-dev}{subsection.5.2.1}% 48
\BOOKMARK [2][-]{subsection.5.2.2}{Decoder}{section.5.2}% 49
\BOOKMARK [3][-]{subsubsection.5.2.2.1}{PocketSphinx}{subsection.5.2.2}% 50
\BOOKMARK [3][-]{subsubsection.5.2.2.2}{Sphinx-4}{subsection.5.2.2}% 51
\BOOKMARK [2][-]{subsection.5.2.3}{Trainer}{section.5.2}% 52
\BOOKMARK [3][-]{subsubsection.5.2.3.1}{SphinxTrain}{subsection.5.2.3}% 53
\BOOKMARK [2][-]{subsection.5.2.4}{Experimental Setup}{section.5.2}% 54
\BOOKMARK [1][-]{section.5.3}{Dictation System Setup}{chapter.5}% 55
\BOOKMARK [2][-]{subsection.5.3.1}{Testing the Decoder}{section.5.3}% 56
\BOOKMARK [2][-]{subsection.5.3.2}{Building Language Model}{section.5.3}% 57
\BOOKMARK [3][-]{subsubsection.5.3.2.1}{Text Preparation}{subsection.5.3.2}% 58
\BOOKMARK [3][-]{subsubsection.5.3.2.2}{ARPA Model Training}{subsection.5.3.2}% 59
\BOOKMARK [3][-]{subsubsection.5.3.2.3}{Using Language Model with PocketSphinx}{subsection.5.3.2}% 60
\BOOKMARK [2][-]{subsection.5.3.3}{Training Acoustic Model For Sphinx}{section.5.3}% 61
\BOOKMARK [3][-]{subsubsection.5.3.3.1}{Resources}{subsection.5.3.3}% 62
\BOOKMARK [3][-]{subsubsection.5.3.3.2}{Data Preparation}{subsection.5.3.3}% 63
\BOOKMARK [3][-]{subsubsection.5.3.3.3}{Setting up the training scripts}{subsection.5.3.3}% 64
\BOOKMARK [3][-]{subsubsection.5.3.3.4}{Setup the Format of Database Audio}{subsection.5.3.3}% 65
\BOOKMARK [3][-]{subsubsection.5.3.3.5}{Configure Path to Files}{subsection.5.3.3}% 66
\BOOKMARK [3][-]{subsubsection.5.3.3.6}{Configure Model Type and Model Parameters}{subsection.5.3.3}% 67
\BOOKMARK [3][-]{subsubsection.5.3.3.7}{Configure Sound Feature Parameters}{subsection.5.3.3}% 68
\BOOKMARK [3][-]{subsubsection.5.3.3.8}{Configure Parallel Jobs to Speedup Training}{subsection.5.3.3}% 69
\BOOKMARK [3][-]{subsubsection.5.3.3.9}{Configure Decoding Parameters}{subsection.5.3.3}% 70
\BOOKMARK [3][-]{subsubsection.5.3.3.10}{Training}{subsection.5.3.3}% 71
\BOOKMARK [3][-]{subsubsection.5.3.3.11}{Training Internals}{subsection.5.3.3}% 72
\BOOKMARK [3][-]{subsubsection.5.3.3.12}{Testing}{subsection.5.3.3}% 73
\BOOKMARK [3][-]{subsubsection.5.3.3.13}{Using the Model}{subsection.5.3.3}% 74
\BOOKMARK [3][-]{subsubsection.5.3.3.14}{Output}{subsection.5.3.3}% 75
\BOOKMARK [0][-]{chapter.6}{CONCLUSION}{}% 76
\BOOKMARK [1][-]{section.6.1}{Conclusion}{chapter.6}% 77
\BOOKMARK [1][-]{section.6.2}{Future Work}{chapter.6}% 78
\BOOKMARK [0][-]{section*.4}{Bibliography}{}% 79
